Removed Pin From Net: NetName=+3.3 Pin=J?-1
Removed Pin From Net: NetName=GND Pin=J?-1
Removed Pin From Net: NetName=+3.3 Pin=J?-2
Removed Pin From Net: NetName=GND Pin=J?-3
Removed Pin From Net: NetName=+3.3 Pin=J?-4
Change Component Designator: OldDesignator=C? NewDesignator=C1
Change Component Designator: OldDesignator=C? NewDesignator=C2
Change Component Designator: OldDesignator=D? NewDesignator=D1
Change Component Designator: OldDesignator=J? NewDesignator=J1
Change Component Designator: OldDesignator=J? NewDesignator=J2
Change Component Designator: OldDesignator=J? NewDesignator=J3
Change Component Designator: OldDesignator=Q? NewDesignator=Q2
Change Component Designator: OldDesignator=R? NewDesignator=R1
Change Component Designator: OldDesignator=R? NewDesignator=R2
Change Component Designator: OldDesignator=R? NewDesignator=R3
Change Component Designator: OldDesignator=R? NewDesignator=R4
Change Component Designator: OldDesignator=R? NewDesignator=R5
Change Component Designator: OldDesignator=R? NewDesignator=R6
Change Component Designator: OldDesignator=U? NewDesignator=U1
Change Component Designator: OldDesignator=U? NewDesignator=U2
Change Component Designator: OldDesignator=U? NewDesignator=U3
Change Component Designator: OldDesignator=U? NewDesignator=U4
Added Pin To Net: NetName=+3.3 Pin=U1-3
Change Net Name : Old Net Name=NetC?_2 New Net Name=NetC1_2
Change Net Name : Old Net Name=NetD?_1 New Net Name=NetD1_1
Change Net Name : Old Net Name=NetJ?_1 New Net Name=NetJ1_1
Change Net Name : Old Net Name=NetJ?_2 New Net Name=NetJ1_2
Change Net Name : Old Net Name=NetR?_1 New Net Name=NetR4_1
Change Net Name : Old Net Name=NetR?_2 New Net Name=NetR2_2
Added Pin To Net: NetName=NetJ2_1 Pin=J2-1
Added Pin To Net: NetName=NetJ2_1 Pin=J3-2
Added Net: Name=NetJ2_1
Added Pin To Net: NetName=NetJ2_3 Pin=J2-3
Added Pin To Net: NetName=NetJ2_3 Pin=J3-1
Added Net: Name=NetJ2_3
Added Pin To Net: NetName=NetR1_1 Pin=R1-1
Added Pin To Net: NetName=NetR1_1 Pin=R3-1
Added Pin To Net: NetName=NetR1_1 Pin=U3-4
Added Net: Name=NetR1_1
Added Pin To Net: NetName=NetR1_2 Pin=R1-2
Added Pin To Net: NetName=NetR1_2 Pin=R2-1
Added Pin To Net: NetName=NetR1_2 Pin=U2-1
Added Net: Name=NetR1_2
Added Pin To Net: NetName=NetR4_2 Pin=R4-2
Added Pin To Net: NetName=NetR4_2 Pin=R6-1
Added Pin To Net: NetName=NetR4_2 Pin=U4-1
Added Net: Name=NetR4_2
Added Member To Class: ClassName=Control Board Member=Component C2 0.10uF
Added Member To Class: ClassName=Control Board Member=Component J1 SM04B-SRSS-TB(LF)(SN)
Added Member To Class: ClassName=Control Board Member=Component J3 SM02B-ZESS-TB(LF)(SN)
Added Member To Class: ClassName=Control Board Member=Component R1 JUMPER
Added Member To Class: ClassName=Control Board Member=Component R2 JUMPER
Added Member To Class: ClassName=Control Board Member=Component R3 JUMPER
Added Member To Class: ClassName=Control Board Member=Component R4 JUMPER
Added Member To Class: ClassName=Control Board Member=Component R5 1.1k
Added Member To Class: ClassName=Control Board Member=Component U2 MCP6541RT-E/OT
Added Member To Class: ClassName=Control Board Member=Component U3 SN74AHC1G08DBV3
Added Member To Class: ClassName=Control Board Member=Component U4 MCP6541RT-E/OT
