Removed Pin From Net: NetName=GND Pin=D2-C
Change Component Footprint: Designator=R1 Old Footprint=0603 New Footprint=1206
Change Component Footprint: Designator=R2 Old Footprint=0603 New Footprint=1206
Change Component Comment : Designator=R1 Old Comment=25 New Comment=24
Change Component Comment : Designator=R2 Old Comment=25 New Comment=24
Change component parameters: Designator = "R1" ("R1"); Footprint = "0603"; UniqueID = "\OGHQDDEM" ("\OGHQDDEM")
Change component parameters (AddParameter): Name = "Manufacturer Part Number 1"; Value = "HRG3216Q-24R0-D-T1"; VariantName = "[No Variations]"
Change component parameters (AddParameter): Name = "Package"; Value = "0805"; VariantName = "[No Variations]"
Change component parameters (AddParameter): Name = "Part Number"; Value = "RES 24 1W"; VariantName = "[No Variations]"
Change component parameters (AddParameter): Name = "Power (Watts)"; Value = "0.125W"; VariantName = "[No Variations]"
Change component parameters (AddParameter): Name = "Supplier 1"; Value = "Digi-Key"; VariantName = "[No Variations]"
Change component parameters (AddParameter): Name = "Supplier Part Number 1"; Value = "408-1904-2-ND"; VariantName = "[No Variations]"
Change component parameters (AddParameter): Name = "Supplier URL 1"; Value = "https://www.digikey.ca/en/products/detail/susumu/HRG3216Q-24R0-D-T1/5762559"; VariantName = "[No Variations]"
Change component parameters (AddParameter): Name = "Tolerance"; Value = "0.5%"; VariantName = "[No Variations]"
Change component parameters (AddParameter): Name = "Value"; Value = "24"; VariantName = "[No Variations]"
Change component parameters: Designator = "R2" ("R2"); Footprint = "0603"; UniqueID = "\CXBFSSBW" ("\CXBFSSBW")
Change component parameters (AddParameter): Name = "Manufacturer Part Number 1"; Value = "HRG3216Q-24R0-D-T1"; VariantName = "[No Variations]"
Change component parameters (AddParameter): Name = "Package"; Value = "0805"; VariantName = "[No Variations]"
Change component parameters (AddParameter): Name = "Part Number"; Value = "RES 24 1W"; VariantName = "[No Variations]"
Change component parameters (AddParameter): Name = "Power (Watts)"; Value = "0.125W"; VariantName = "[No Variations]"
Change component parameters (AddParameter): Name = "Supplier 1"; Value = "Digi-Key"; VariantName = "[No Variations]"
Change component parameters (AddParameter): Name = "Supplier Part Number 1"; Value = "408-1904-2-ND"; VariantName = "[No Variations]"
Change component parameters (AddParameter): Name = "Supplier URL 1"; Value = "https://www.digikey.ca/en/products/detail/susumu/HRG3216Q-24R0-D-T1/5762559"; VariantName = "[No Variations]"
Change component parameters (AddParameter): Name = "Tolerance"; Value = "0.5%"; VariantName = "[No Variations]"
Change component parameters (AddParameter): Name = "Value"; Value = "24"; VariantName = "[No Variations]"
Change Net Name : Old Net Name=+3.3 New Net Name=+3V3
