Removed Pin From Net: NetName=+3.3 Pin=J1-1
Removed Pin From Net: NetName=GND Pin=J1-4
Removed Pin From Net: NetName=NetJ1_2 Pin=Q1-C
Removed Pin From Net: NetName=NetJ1_3 Pin=Q2-C
Removed Pin From Net: NetName=NetJ1_2 Pin=R1-2
Removed Pin From Net: NetName=NetJ1_3 Pin=R2-2
Change Component DesignItemId : Designator=J1 Old DesignItemId=CN 4POS JST XH New DesignItemId=CN 4POS JST ZE SMT
Change Component Footprint: Designator=J1 Old Footprint=JST_B4B-XH-A(LF)(SN) New Footprint=JST ZE SMT 4POS
Change Component Comment : Designator=J1 Old Comment=CN 4POS JST XH New Comment=BM04B-ZESS-TBT(LF)(SN)
Change Component Description : Designator=J1 Old Description=Connector Header Through Hole 4 position 0.098 _2.50mm_
B4B-XH-A(LF)(SN) New Description=Connector Header, ZE Series, 4 Positon, 1.5mm, Shrouded - 4 Wall, Solder, Locking Ramp, Natural
Change component parameters: Designator = "J1" ("J1"); Footprint = "JST_B4B-XH-A(LF)(SN)"; UniqueID = "\ITZJFEEA" ("\ITZJFEEA")
Change component parameters (AddParameter): Name = "Manufacturer Part Number 1"; Value = "BM04B-ZESS-TBT(LF)(SN)"; VariantName = "[No Variations]"
Change component parameters (AddParameter): Name = "Parameter 1"; Value = ""; VariantName = "[No Variations]"
Change component parameters (AddParameter): Name = "Part Number"; Value = "CN 4POS JST ZE SMT"; VariantName = "[No Variations]"
Change component parameters (AddParameter): Name = "Pin Count"; Value = "4"; VariantName = "[No Variations]"
Change component parameters (AddParameter): Name = "Supplier 1"; Value = "Digi-Key"; VariantName = "[No Variations]"
Change component parameters (AddParameter): Name = "Supplier Part Number 1"; Value = "455-2382-1-ND"; VariantName = "[No Variations]"
Change component parameters (AddParameter): Name = "Supplier URL 1"; Value = "https://www.digikey.ca/en/products/detail/jst-sales-america-inc/BM04B-ZESS-TBT-LF-SN/1886988"; VariantName = "[No Variations]"
Added Pin To Net: NetName=GND Pin=J1-1
Added Pin To Net: NetName=+3.3 Pin=J1-4
Added Pin To Net: NetName=NetJ1_3 Pin=Q1-C
Added Pin To Net: NetName=NetJ1_2 Pin=Q2-C
Added Pin To Net: NetName=NetJ1_3 Pin=R1-2
Added Pin To Net: NetName=NetJ1_2 Pin=R2-2
